../src/bufferutil.cc:26:30: error: ‘v8::Handle’ has not been declared
   static void Initialize(v8::Handle<v8::Object> target)
                              ^~~~~~
../src/bufferutil.cc:26:36: error: expected ‘,’ or ‘...’ before ‘<’ token
   static void Initialize(v8::Handle<v8::Object> target)
                                    ^
../src/bufferutil.cc: In static member function ‘static void BufferUtil::Initialize(int)’:
../src/bufferutil.cc:34:14: error: ‘target’ was not declared in this scope
     Nan::Set(target, Nan::New<String>("BufferUtil").ToLocalChecked(), t->GetFunction());
              ^~~~~~
../src/bufferutil.cc:34:14: note: suggested alternative: ‘Merge’
     Nan::Set(target, Nan::New<String>("BufferUtil").ToLocalChecked(), t->GetFunction());
              ^~~~~~
              Merge
../src/bufferutil.cc:34:86: error: no matching function for call to ‘v8::FunctionTemplate::GetFunction()’
     Nan::Set(target, Nan::New<String>("BufferUtil").ToLocalChecked(), t->GetFunction());
                                                                                      ^
In file included from ../src/bufferutil.cc:8:0:
/home/seongha/.cache/node-gyp/13.10.1/include/node/v8.h:6283:46: note: candidate: v8::MaybeLocal<v8::Function> v8::FunctionTemplate::GetFunction(v8::Local<v8::Context>)
   V8_WARN_UNUSED_RESULT MaybeLocal<Function> GetFunction(
                                              ^~~~~~~~~~~
/home/seongha/.cache/node-gyp/13.10.1/include/node/v8.h:6283:46: note:   candidate expects 1 argument, 0 provided
../src/bufferutil.cc: In static member function ‘static Nan::NAN_METHOD_RETURN_TYPE BufferUtil::Merge(Nan::NAN_METHOD_ARGS_TYPE)’:
../src/bufferutil.cc:50:49: error: no matching function for call to ‘v8::Value::ToObject()’
     Local<Object> bufferObj = info[0]->ToObject();
                                                 ^
In file included from ../src/bufferutil.cc:8:0:
/home/seongha/.cache/node-gyp/13.10.1/include/node/v8.h:2754:44: note: candidate: v8::MaybeLocal<v8::Object> v8::Value::ToObject(v8::Local<v8::Context>) const
   V8_WARN_UNUSED_RESULT MaybeLocal<Object> ToObject(
                                            ^~~~~~~~
/home/seongha/.cache/node-gyp/13.10.1/include/node/v8.h:2754:44: note:   candidate expects 1 argument, 0 provided
../src/bufferutil.cc:57:39: error: no matching function for call to ‘v8::Array::Get(unsigned int&)’
       Local<Object> src = array->Get(i)->ToObject();
                                       ^
In file included from ../src/bufferutil.cc:8:0:
/home/seongha/.cache/node-gyp/13.10.1/include/node/v8.h:3594:43: note: candidate: v8::MaybeLocal<v8::Value> v8::Object::Get(v8::Local<v8::Context>, v8::Local<v8::Value>)
   V8_WARN_UNUSED_RESULT MaybeLocal<Value> Get(Local<Context> context,
                                           ^~~
/home/seongha/.cache/node-gyp/13.10.1/include/node/v8.h:3594:43: note:   candidate expects 2 arguments, 1 provided
/home/seongha/.cache/node-gyp/13.10.1/include/node/v8.h:3597:43: note: candidate: v8::MaybeLocal<v8::Value> v8::Object::Get(v8::Local<v8::Context>, uint32_t)
   V8_WARN_UNUSED_RESULT MaybeLocal<Value> Get(Local<Context> context,
                                           ^~~
/home/seongha/.cache/node-gyp/13.10.1/include/node/v8.h:3597:43: note:   candidate expects 2 arguments, 1 provided
../src/bufferutil.cc: In static member function ‘static Nan::NAN_METHOD_RETURN_TYPE BufferUtil::Unmask(Nan::NAN_METHOD_ARGS_TYPE)’:
../src/bufferutil.cc:68:50: error: no matching function for call to ‘v8::Value::ToObject()’
     Local<Object> buffer_obj = info[0]->ToObject();
                                                  ^
In file included from ../src/bufferutil.cc:8:0:
/home/seongha/.cache/node-gyp/13.10.1/include/node/v8.h:2754:44: note: candidate: v8::MaybeLocal<v8::Object> v8::Value::ToObject(v8::Local<v8::Context>) const
   V8_WARN_UNUSED_RESULT MaybeLocal<Object> ToObject(
                                            ^~~~~~~~
/home/seongha/.cache/node-gyp/13.10.1/include/node/v8.h:2754:44: note:   candidate expects 1 argument, 0 provided
../src/bufferutil.cc:70:48: error: no matching function for call to ‘v8::Value::ToObject()’
     Local<Object> mask_obj = info[1]->ToObject();
                                                ^
In file included from ../src/bufferutil.cc:8:0:
/home/seongha/.cache/node-gyp/13.10.1/include/node/v8.h:2754:44: note: candidate: v8::MaybeLocal<v8::Object> v8::Value::ToObject(v8::Local<v8::Context>) const
   V8_WARN_UNUSED_RESULT MaybeLocal<Object> ToObject(
                                            ^~~~~~~~
/home/seongha/.cache/node-gyp/13.10.1/include/node/v8.h:2754:44: note:   candidate expects 1 argument, 0 provided
../src/bufferutil.cc: In static member function ‘static Nan::NAN_METHOD_RETURN_TYPE BufferUtil::Mask(Nan::NAN_METHOD_ARGS_TYPE)’:
../src/bufferutil.cc:89:50: error: no matching function for call to ‘v8::Value::ToObject()’
     Local<Object> buffer_obj = info[0]->ToObject();
                                                  ^
In file included from ../src/bufferutil.cc:8:0:
/home/seongha/.cache/node-gyp/13.10.1/include/node/v8.h:2754:44: note: candidate: v8::MaybeLocal<v8::Object> v8::Value::ToObject(v8::Local<v8::Context>) const
   V8_WARN_UNUSED_RESULT MaybeLocal<Object> ToObject(
                                            ^~~~~~~~
/home/seongha/.cache/node-gyp/13.10.1/include/node/v8.h:2754:44: note:   candidate expects 1 argument, 0 provided
../src/bufferutil.cc:90:48: error: no matching function for call to ‘v8::Value::ToObject()’
     Local<Object> mask_obj = info[1]->ToObject();
                                                ^
In file included from ../src/bufferutil.cc:8:0:
/home/seongha/.cache/node-gyp/13.10.1/include/node/v8.h:2754:44: note: candidate: v8::MaybeLocal<v8::Object> v8::Value::ToObject(v8::Local<v8::Context>) const
   V8_WARN_UNUSED_RESULT MaybeLocal<Object> ToObject(
                                            ^~~~~~~~
/home/seongha/.cache/node-gyp/13.10.1/include/node/v8.h:2754:44: note:   candidate expects 1 argument, 0 provided
../src/bufferutil.cc:92:50: error: no matching function for call to ‘v8::Value::ToObject()’
     Local<Object> output_obj = info[2]->ToObject();
                                                  ^
In file included from ../src/bufferutil.cc:8:0:
/home/seongha/.cache/node-gyp/13.10.1/include/node/v8.h:2754:44: note: candidate: v8::MaybeLocal<v8::Object> v8::Value::ToObject(v8::Local<v8::Context>) const
   V8_WARN_UNUSED_RESULT MaybeLocal<Object> ToObject(
                                            ^~~~~~~~
/home/seongha/.cache/node-gyp/13.10.1/include/node/v8.h:2754:44: note:   candidate expects 1 argument, 0 provided
../src/bufferutil.cc:93:51: error: no matching function for call to ‘v8::Value::Int32Value()’
     unsigned int dataOffset = info[3]->Int32Value();
                                                   ^
In file included from ../src/bufferutil.cc:8:0:
/home/seongha/.cache/node-gyp/13.10.1/include/node/v8.h:2778:40: note: candidate: v8::Maybe<int> v8::Value::Int32Value(v8::Local<v8::Context>) const
   V8_WARN_UNUSED_RESULT Maybe<int32_t> Int32Value(Local<Context> context) const;
                                        ^~~~~~~~~~
/home/seongha/.cache/node-gyp/13.10.1/include/node/v8.h:2778:40: note:   candidate expects 1 argument, 0 provided
../src/bufferutil.cc:94:47: error: no matching function for call to ‘v8::Value::Int32Value()’
     unsigned int length = info[4]->Int32Value();
                                               ^
In file included from ../src/bufferutil.cc:8:0:
/home/seongha/.cache/node-gyp/13.10.1/include/node/v8.h:2778:40: note: candidate: v8::Maybe<int> v8::Value::Int32Value(v8::Local<v8::Context>) const
   V8_WARN_UNUSED_RESULT Maybe<int32_t> Int32Value(Local<Context> context) const;
                                        ^~~~~~~~~~
/home/seongha/.cache/node-gyp/13.10.1/include/node/v8.h:2778:40: note:   candidate expects 1 argument, 0 provided
../src/bufferutil.cc: At global scope:
../src/bufferutil.cc:115:12: error: variable or field ‘init’ declared void
 void init (Handle<Object> target)
            ^~~~~~
../src/bufferutil.cc:115:12: error: ‘Handle’ was not declared in this scope
../src/bufferutil.cc:115:12: note: suggested alternative: ‘rand_r’
 void init (Handle<Object> target)
            ^~~~~~
            rand_r
../src/bufferutil.cc:115:25: error: expected primary-expression before ‘>’ token
 void init (Handle<Object> target)
                         ^
../src/bufferutil.cc:115:27: error: ‘target’ was not declared in this scope
 void init (Handle<Object> target)
                           ^~~~~~
../src/bufferutil.cc:115:27: note: suggested alternative: ‘tzset’
 void init (Handle<Object> target)
                           ^~~~~~
                           tzset
In file included from ../src/bufferutil.cc:9:0:
../src/bufferutil.cc:121:25: error: ‘init’ was not declared in this scope
 NODE_MODULE(bufferutil, init)
                         ^
/home/seongha/.cache/node-gyp/13.10.1/include/node/node.h:618:36: note: in definition of macro ‘NODE_MODULE_X’
       (node::addon_register_func) (regfunc),                          \
                                    ^~~~~~~
../src/bufferutil.cc:121:1: note: in expansion of macro ‘NODE_MODULE’
 NODE_MODULE(bufferutil, init)
 ^~~~~~~~~~~
../src/bufferutil.cc:121:25: note: suggested alternative: ‘int’
 NODE_MODULE(bufferutil, init)
                         ^
/home/seongha/.cache/node-gyp/13.10.1/include/node/node.h:618:36: note: in definition of macro ‘NODE_MODULE_X’
       (node::addon_register_func) (regfunc),                          \
                                    ^~~~~~~
../src/bufferutil.cc:121:1: note: in expansion of macro ‘NODE_MODULE’
 NODE_MODULE(bufferutil, init)
 ^~~~~~~~~~~
make: *** [Release/obj.target/bufferutil/src/bufferutil.o] Error 1
gyp ERR! build error 
gyp ERR! stack Error: `make` failed with exit code: 2
gyp ERR! stack     at ChildProcess.onExit (/usr/lib/node_modules/npm/node_modules/node-gyp/lib/build.js:194:23)
gyp ERR! stack     at ChildProcess.emit (events.js:316:20)
gyp ERR! stack     at Process.ChildProcess._handle.onexit (internal/child_process.js:275:12)
gyp ERR! System Linux 5.3.0-40-generic
gyp ERR! command "/usr/bin/node" "/usr/lib/node_modules/npm/node_modules/node-gyp/bin/node-gyp.js" "rebuild"
gyp ERR! cwd /home/seongha/Documents/Playground/gsn-dapp/node_modules/ganache-core/node_modules/websocket
gyp ERR! node -v v13.10.1
gyp ERR! node-gyp -v v5.1.0
gyp ERR! not ok 
